2026-01-15 02:18:53,786 - __main__ - INFO - 启动B站问号榜应用
2026-01-15 02:19:07,620 - __main__ - INFO - 应用正常退出
2026-01-15 02:37:50,104 - __main__ - INFO - 启动B站问号榜应用
2026-01-15 02:37:54,864 - __main__ - INFO - 应用正常退出
2026-01-15 02:43:07,004 - __main__ - INFO - 启动B站问号榜应用
2026-01-15 02:43:16,893 - __main__ - INFO - 应用正常退出
2026-01-15 02:44:51,611 - __main__ - INFO - 启动B站问号榜应用
2026-01-15 02:44:53,695 - __main__ - INFO - 应用正常退出
2026-01-15 02:45:48,840 - __main__ - INFO - 启动B站问号榜应用
2026-01-15 02:45:53,545 - __main__ - INFO - 应用正常退出
2026-01-15 02:51:35,666 - __main__ - INFO - 启动B站问号榜应用
2026-01-15 02:51:38,234 - __main__ - INFO - 应用正常退出
2026-01-15 03:02:03,558 - __main__ - INFO - 启动B站问号榜应用
2026-01-15 03:02:19,439 - __main__ - INFO - 应用正常退出
2026-01-15 18:39:01,519 - __main__ - INFO - 启动B站问号榜应用
2026-01-15 18:39:58,025 - __main__ - INFO - 应用正常退出
2026-01-15 18:40:07,362 - __main__ - INFO - 启动B站问号榜应用
2026-01-15 18:40:08,187 - views.main_window - INFO - 开始加载daily榜数据
2026-01-15 18:40:12,125 - views.main_window - INFO - 开始加载daily榜数据
2026-01-15 18:40:25,199 - views.main_window - INFO - 正在关闭应用...
2026-01-15 18:40:25,211 - __main__ - INFO - 应用正常退出
2026-01-15 18:43:10,927 - __main__ - INFO - 启动B站问号榜应用
2026-01-15 18:43:11,733 - views.main_window - INFO - 开始加载daily榜数据
2026-01-15 18:43:32,143 - views.main_window - INFO - 正在关闭应用...
2026-01-15 18:43:32,159 - __main__ - INFO - 应用正常退出
2026-01-15 19:11:18,022 - __main__ - INFO - 启动B站问号榜应用
2026-01-15 19:11:18,835 - views.main_window - INFO - 开始加载daily榜数据
2026-01-15 19:12:15,476 - views.main_window - INFO - 切换到weekly榜
2026-01-15 19:12:15,476 - views.main_window - INFO - 开始加载weekly榜数据
2026-01-15 19:12:16,853 - views.main_window - INFO - 切换到monthly榜
2026-01-15 19:12:16,854 - views.main_window - INFO - 开始加载monthly榜数据
2026-01-15 19:12:18,598 - views.main_window - INFO - 切换到daily榜
2026-01-15 19:12:18,598 - views.main_window - INFO - 开始加载daily榜数据
2026-01-15 19:12:22,335 - views.main_window - INFO - 开始加载daily榜数据
2026-01-15 19:12:25,295 - views.main_window - INFO - 正在关闭应用...
2026-01-15 19:12:25,314 - __main__ - INFO - 应用正常退出
2026-01-16 01:08:14,437 - __main__ - INFO - 启动B站问号榜应用
2026-01-16 01:08:15,435 - views.main_window - INFO - 开始加载daily榜数据
2026-01-16 01:08:34,709 - views.main_window - INFO - 开始加载daily榜数据
2026-01-16 01:08:36,780 - views.main_window - INFO - 切换到weekly榜
2026-01-16 01:08:36,780 - views.main_window - INFO - 开始加载weekly榜数据
2026-01-16 01:08:37,409 - views.main_window - INFO - 切换到monthly榜
2026-01-16 01:08:37,409 - views.main_window - INFO - 开始加载monthly榜数据
2026-01-16 01:08:40,430 - views.main_window - INFO - 正在关闭应用...
2026-01-16 01:08:40,448 - __main__ - INFO - 应用正常退出
2026-01-16 02:12:55,059 - __main__ - INFO - 启动B站问号榜应用
2026-01-16 02:12:55,959 - views.main_window - INFO - 开始加载daily榜数据
2026-01-16 02:13:11,858 - views.main_window - INFO - 成功加载30条数据
2026-01-16 02:13:28,848 - views.main_window - INFO - 切换到weekly榜
2026-01-16 02:13:28,848 - views.main_window - INFO - 开始加载weekly榜数据
2026-01-16 02:13:45,009 - views.main_window - INFO - 成功加载30条数据
2026-01-16 02:14:02,773 - views.main_window - INFO - 切换到monthly榜
2026-01-16 02:14:02,773 - views.main_window - INFO - 开始加载monthly榜数据
2026-01-16 02:14:18,594 - views.main_window - INFO - 成功加载30条数据
2026-01-16 02:16:01,223 - views.main_window - INFO - 切换到daily榜
2026-01-16 02:16:01,223 - views.main_window - INFO - 开始加载daily榜数据
2026-01-16 02:16:02,459 - views.main_window - INFO - 正在关闭应用...
2026-01-16 02:16:02,472 - __main__ - INFO - 应用正常退出
2026-01-16 02:16:20,050 - __main__ - INFO - 启动B站问号榜应用
2026-01-16 02:16:20,874 - views.main_window - INFO - 开始加载daily榜数据
2026-01-16 02:16:36,666 - views.main_window - INFO - 成功加载30条数据
2026-01-16 02:16:38,411 - views.main_window - INFO - 开始加载daily榜数据
2026-01-16 02:16:53,952 - views.main_window - INFO - 成功加载30条数据
2026-01-16 02:17:00,357 - views.main_window - INFO - 正在关闭应用...
2026-01-16 02:17:00,376 - __main__ - INFO - 应用正常退出
2026-01-16 02:18:19,501 - __main__ - INFO - 启动B站问号榜应用
2026-01-16 02:18:20,323 - views.main_window - INFO - 开始加载daily榜数据
2026-01-16 02:18:35,897 - views.main_window - INFO - 成功加载30条数据
2026-01-16 02:19:03,166 - views.main_window - INFO - 正在关闭应用...
2026-01-16 02:19:03,179 - __main__ - INFO - 应用正常退出
2026-01-16 16:10:48,031 - __main__ - INFO - 启动B站问号榜应用
2026-01-16 16:10:49,357 - views.main_window - INFO - 开始加载daily榜数据
2026-01-16 16:11:14,882 - views.main_window - INFO - 成功加载30条数据
2026-01-16 16:12:05,872 - views.main_window - INFO - 开始加载daily榜数据
2026-01-16 16:12:29,954 - views.main_window - INFO - 成功加载30条数据
2026-01-16 16:13:20,060 - views.main_window - INFO - 切换到weekly榜
2026-01-16 16:13:20,060 - views.main_window - INFO - 开始加载weekly榜数据
2026-01-16 16:13:44,303 - views.main_window - INFO - 成功加载30条数据
2026-01-16 16:17:04,124 - __main__ - INFO - 启动B站问号榜应用
2026-01-16 16:17:05,396 - views.main_window - INFO - 开始加载daily榜数据
2026-01-16 16:17:30,890 - views.main_window - INFO - 成功加载30条数据
2026-01-16 16:17:47,180 - views.main_window - INFO - 正在关闭应用...
2026-01-16 16:17:47,253 - __main__ - INFO - 应用正常退出
2026-01-16 16:17:57,302 - __main__ - INFO - 启动B站问号榜应用
2026-01-16 16:17:58,587 - views.main_window - INFO - 开始加载daily榜数据
2026-01-16 16:18:08,871 - views.main_window - INFO - 开始加载daily榜数据
2026-01-16 16:18:09,587 - views.main_window - INFO - 开始加载daily榜数据
2026-01-16 16:18:09,803 - views.main_window - INFO - 开始加载daily榜数据
2026-01-16 16:18:10,031 - views.main_window - INFO - 开始加载daily榜数据
2026-01-16 16:18:10,665 - views.main_window - INFO - 开始加载daily榜数据
2026-01-16 16:18:11,346 - views.main_window - INFO - 开始加载daily榜数据
2026-01-16 16:18:11,756 - views.main_window - INFO - 开始加载daily榜数据
2026-01-16 16:18:11,998 - views.main_window - INFO - 开始加载daily榜数据
2026-01-16 16:18:12,213 - views.main_window - INFO - 开始加载daily榜数据
2026-01-16 16:18:12,785 - views.main_window - INFO - 开始加载daily榜数据
2026-01-16 16:18:13,044 - views.main_window - INFO - 开始加载daily榜数据
2026-01-16 16:18:13,283 - views.main_window - INFO - 开始加载daily榜数据
2026-01-16 16:18:13,517 - views.main_window - INFO - 开始加载daily榜数据
2026-01-16 16:18:13,737 - views.main_window - INFO - 开始加载daily榜数据
2026-01-16 16:18:13,950 - views.main_window - INFO - 开始加载daily榜数据
2026-01-16 16:18:14,167 - views.main_window - INFO - 开始加载daily榜数据
2026-01-16 16:18:19,650 - views.main_window - INFO - 正在关闭应用...
2026-01-16 16:18:19,698 - __main__ - INFO - 应用正常退出
2026-01-16 16:19:08,724 - __main__ - INFO - 启动B站问号榜应用
2026-01-16 16:19:09,979 - views.main_window - INFO - 开始加载daily榜数据
2026-01-16 16:19:15,230 - views.main_window - INFO - 正在关闭应用...
2026-01-16 16:19:15,252 - __main__ - INFO - 应用正常退出
2026-01-16 16:20:07,949 - __main__ - INFO - 启动B站问号榜应用
2026-01-16 16:20:09,187 - views.main_window - INFO - 开始加载daily榜数据
2026-01-16 16:20:16,599 - views.main_window - INFO - 正在关闭应用...
2026-01-16 16:20:16,615 - __main__ - INFO - 应用正常退出
2026-01-16 16:20:21,815 - __main__ - INFO - 启动B站问号榜应用
2026-01-16 16:20:23,041 - views.main_window - INFO - 开始加载daily榜数据
2026-01-16 16:20:24,310 - views.main_window - ERROR - API错误: HTTP错误: 429
2026-01-16 16:20:27,840 - __main__ - INFO - 启动B站问号榜应用
2026-01-16 16:20:29,097 - views.main_window - INFO - 开始加载daily榜数据
2026-01-16 16:20:30,153 - views.main_window - ERROR - API错误: HTTP错误: 429
2026-01-16 16:20:34,931 - views.main_window - INFO - 正在关闭应用...
2026-01-16 16:20:34,959 - __main__ - INFO - 应用正常退出
2026-01-16 16:20:41,301 - views.main_window - INFO - 正在关闭应用...
2026-01-16 16:20:41,325 - __main__ - INFO - 应用正常退出
2026-01-16 16:40:15,067 - __main__ - INFO - 启动B站问号榜应用
2026-01-16 16:40:16,344 - views.main_window - INFO - 开始加载daily榜数据
2026-01-16 16:40:18,845 - views.main_window - INFO - 正在关闭应用...
2026-01-16 16:40:18,873 - __main__ - INFO - 应用正常退出
2026-01-16 16:40:36,247 - __main__ - INFO - 启动B站问号榜应用
2026-01-16 16:40:37,498 - views.main_window - INFO - 开始加载daily榜数据
2026-01-16 16:41:02,379 - views.main_window - INFO - 成功加载30条数据
2026-01-16 18:07:06,807 - views.main_window - INFO - 正在关闭应用...
2026-01-16 18:07:06,807 - __main__ - INFO - 应用正常退出
2026-01-16 18:20:46,097 - __main__ - INFO - 启动B站问号榜应用
2026-01-16 18:20:46,913 - views.main_window - INFO - 开始加载daily榜数据
2026-01-16 18:21:01,934 - views.main_window - INFO - 成功加载30条数据
2026-01-16 18:21:25,326 - views.main_window - INFO - 正在关闭应用...
2026-01-16 18:21:25,342 - __main__ - INFO - 应用正常退出
2026-01-16 20:10:46,566 - __main__ - INFO - 启动B站问号榜应用
2026-01-16 20:10:47,483 - views.main_window - INFO - 开始加载daily榜数据
2026-01-16 20:11:05,362 - views.main_window - INFO - 成功加载30条数据
2026-01-16 20:11:11,214 - views.main_window - INFO - 正在关闭应用...
2026-01-16 20:11:11,228 - __main__ - INFO - 应用正常退出
2026-01-16 20:14:34,577 - __main__ - INFO - 启动B站问号榜应用
2026-01-16 20:14:35,395 - views.main_window - INFO - 开始加载daily榜数据
2026-01-16 20:14:42,911 - views.main_window - INFO - 开始加载daily榜数据
2026-01-16 20:14:44,550 - views.main_window - INFO - 切换到weekly榜
2026-01-16 20:14:44,550 - views.main_window - INFO - 开始加载weekly榜数据
2026-01-16 20:14:45,891 - views.main_window - ERROR - API错误: 网络请求失败: HTTPSConnectionPool(host='bili-qml.bydfk.com', port=443): Read timed out. (read timeout=10)
2026-01-16 20:14:49,921 - views.main_window - INFO - 开始加载weekly榜数据
2026-01-16 20:14:53,390 - views.main_window - ERROR - API错误: 网络请求失败: HTTPSConnectionPool(host='bili-qml.bydfk.com', port=443): Read timed out. (read timeout=10)
2026-01-16 20:14:58,265 - views.main_window - INFO - 开始加载weekly榜数据
2026-01-16 20:15:00,407 - views.main_window - ERROR - API错误: 网络请求失败: HTTPSConnectionPool(host='bili-qml.bydfk.com', port=443): Read timed out. (read timeout=10)
2026-01-16 20:15:03,244 - views.main_window - INFO - 成功加载30条数据
2026-01-16 20:15:04,615 - views.main_window - INFO - 正在关闭应用...
2026-01-16 20:15:04,626 - __main__ - INFO - 应用正常退出
2026-01-16 20:15:13,485 - __main__ - INFO - 启动B站问号榜应用
2026-01-16 20:15:14,336 - views.main_window - INFO - 开始加载daily榜数据
2026-01-16 20:15:23,845 - views.main_window - INFO - 正在关闭应用...
2026-01-16 20:15:23,845 - __main__ - INFO - 应用正常退出
2026-01-16 20:15:35,343 - __main__ - INFO - 启动B站问号榜应用
2026-01-16 20:15:36,167 - views.main_window - INFO - 开始加载daily榜数据
2026-01-16 20:15:46,661 - views.main_window - ERROR - API错误: 网络请求失败: HTTPSConnectionPool(host='bili-qml.bydfk.com', port=443): Read timed out. (read timeout=10)
2026-01-16 20:16:50,347 - views.main_window - INFO - 开始加载daily榜数据
2026-01-16 20:17:00,896 - views.main_window - ERROR - API错误: 网络请求失败: HTTPSConnectionPool(host='bili-qml.bydfk.com', port=443): Read timed out. (read timeout=10)
2026-01-16 20:17:07,938 - views.main_window - INFO - 正在关闭应用...
2026-01-16 20:17:07,938 - __main__ - INFO - 应用正常退出
2026-01-16 20:18:45,294 - __main__ - INFO - 启动B站问号榜应用
2026-01-16 20:18:46,098 - my_pyqt_app.views.main_window - INFO - 开始加载daily榜数据
2026-01-16 20:18:56,584 - my_pyqt_app.views.main_window - ERROR - API错误: 网络请求失败: HTTPSConnectionPool(host='bili-qml.bydfk.com', port=443): Read timed out. (read timeout=10)
2026-01-16 20:19:49,807 - my_pyqt_app.views.main_window - INFO - 正在关闭应用...
2026-01-16 20:19:49,824 - __main__ - INFO - 应用正常退出
2026-01-16 20:20:28,411 - __main__ - INFO - 启动B站问号榜应用
2026-01-16 20:20:29,235 - my_pyqt_app.views.main_window - INFO - 开始加载daily榜数据
2026-01-16 20:20:46,109 - my_pyqt_app.views.main_window - INFO - 成功加载30条数据
2026-01-16 20:20:51,470 - my_pyqt_app.views.main_window - INFO - 正在关闭应用...
2026-01-16 20:20:51,486 - __main__ - INFO - 应用正常退出
2026-01-16 20:24:46,764 - __main__ - INFO - 启动B站问号榜应用
2026-01-16 20:24:47,585 - my_pyqt_app.views.main_window - INFO - 开始加载daily榜数据
2026-01-16 20:24:58,085 - my_pyqt_app.views.main_window - ERROR - API错误: 网络请求失败: HTTPSConnectionPool(host='bili-qml.bydfk.com', port=443): Read timed out. (read timeout=10)
2026-01-16 20:25:01,835 - my_pyqt_app.views.main_window - INFO - 正在关闭应用...
2026-01-16 20:25:01,835 - __main__ - INFO - 应用正常退出
